<?xml version="1.0" encoding="UTF-8"?>
<!-- Generated by org.testng.reporters.JUnitReportReporter -->
<testsuite skipped="0" hostname="DESKTOP-2501T6F" name="selfreliant.RestAPITest" tests="2" failures="0" timestamp="2020-11-30T21:32:07 IST" time="0.001" errors="0">
  <testcase name="deleteTwitter" time="0.001" classname="selfreliant.RestAPITest"/>
  <system-out/>
  <testcase name="postJira" time="0.000" classname="selfreliant.RestAPITest"/>
  <system-out/>
</testsuite> <!-- selfreliant.RestAPITest -->
