<?xml version="1.0" encoding="UTF-8"?>
<!-- Generated by org.testng.reporters.JUnitReportReporter -->
<testsuite skipped="0" hostname="DESKTOP-2501T6F" name="selfreliant.SeleniumTest" tests="2" failures="0" timestamp="2020-11-30T21:32:07 IST" time="0.010" errors="0">
  <testcase name="BrowserAutomation" time="0.009" classname="selfreliant.SeleniumTest"/>
  <system-out/>
  <testcase name="elementUI" time="0.001" classname="selfreliant.SeleniumTest"/>
  <system-out/>
</testsuite> <!-- selfreliant.SeleniumTest -->
