<?xml version="1.0" encoding="UTF-8"?>
<!-- Generated by org.testng.reporters.JUnitReportReporter -->
<testsuite skipped="0" hostname="DESKTOP-2501T6F" name="selfreliant.AppiumTest" tests="2" failures="0" timestamp="2020-11-30T21:32:07 IST" time="0.002" errors="0">
  <testcase name="NativeAndroid" time="0.001" classname="selfreliant.AppiumTest"/>
  <system-out/>
  <testcase name="IOSApp" time="0.001" classname="selfreliant.AppiumTest"/>
  <system-out/>
</testsuite> <!-- selfreliant.AppiumTest -->
